SF:lib/src/http_service1.dart
DA:8,1
DA:20,1
DA:21,3
DA:23,1
DA:27,4
DA:32,1
DA:36,2
DA:38,2
DA:39,1
DA:41,3
DA:43,2
DA:44,2
DA:46,2
DA:50,1
DA:55,2
DA:56,3
DA:57,1
DA:60,1
DA:63,1
DA:69,2
DA:70,1
DA:71,3
DA:74,1
DA:76,1
DA:79,1
DA:85,2
DA:86,3
DA:87,1
DA:88,1
DA:91,1
DA:94,1
DA:99,2
DA:100,3
DA:101,1
DA:102,1
DA:105,1
DA:108,1
DA:109,3
LF:38
LH:38
end_of_record
SF:lib/src/exceptions/auth_exception.dart
DA:2,2
DA:6,1
DA:8,1
LF:3
LH:3
end_of_record
SF:lib/src/exceptions/convert_exception.dart
DA:2,2
DA:6,1
DA:8,1
LF:3
LH:3
end_of_record
SF:lib/src/exceptions/server_exception.dart
DA:2,2
DA:6,1
DA:8,1
LF:3
LH:3
end_of_record
